[13Sep2025 00:10:48.295] [Server thread/WARN] [net.minecraft.server.level.ServerEntity/]: Fetching packet for removed entity ItemEntity['Ghostly Pickaxe'/1043327, l='ServerLevel[world]', x=-3538.75, y=60.00, z=4271.63, removed=DISCARDED]
[13Sep2025 00:10:48.297] [Server thread/WARN] [net.minecraft.server.level.ServerEntity/]: Fetching packet for removed entity ItemEntity['Ghostly Pickaxe'/1043327, l='ServerLevel[world]', x=-3538.75, y=60.00, z=4271.63, removed=DISCARDED]
[13Sep2025 00:13:48.492] [Server thread/INFO] [net.minecraft.server.network.ServerGamePacketListenerImpl/]: Taza_free lost connection: Disconnected
[13Sep2025 00:13:48.492] [Server thread/INFO] [net.minecraft.server.MinecraftServer/]: Taza_free left the game
[13Sep2025 00:13:48.496] [Server thread/INFO] [voicechat/]: [voicechat] Disconnecting client Taza_free
[13Sep2025 00:14:20.493] [Server thread/INFO] [net.minecraft.server.network.ServerGamePacketListenerImpl/]: VadniesHael lost connection: Disconnected
[13Sep2025 00:14:20.494] [Server thread/INFO] [net.minecraft.server.MinecraftServer/]: VadniesHael left the game
[13Sep2025 00:14:20.494] [Server thread/INFO] [voicechat/]: [voicechat] Disconnecting client VadniesHael
[13Sep2025 00:14:27.083] [Server thread/INFO] [net.minecraft.server.MinecraftServer/]: Stopping server
[13Sep2025 00:14:27.083] [Server thread/INFO] [net.minecraft.server.MinecraftServer/]: Saving players
[13Sep2025 00:14:27.084] [Server thread/INFO] [net.minecraft.server.MinecraftServer/]: Saving worlds
[13Sep2025 00:14:27.643] [Server thread/INFO] [net.minecraft.server.MinecraftServer/]: Saving chunks for level 'ServerLevel[world]'/minecraft:overworld
[13Sep2025 00:14:28.675] [Server thread/INFO] [net.minecraft.server.MinecraftServer/]: Saving chunks for level 'ServerLevel[world]'/the_deeper_void:void_dimension
[13Sep2025 00:14:28.676] [Server thread/INFO] [net.minecraft.server.MinecraftServer/]: Saving chunks for level 'ServerLevel[world]'/lostcities:lostcity
[13Sep2025 00:14:28.677] [Server thread/INFO] [net.minecraft.server.MinecraftServer/]: Saving chunks for level 'ServerLevel[world]'/minecraft:the_end
[13Sep2025 00:14:28.678] [Server thread/INFO] [net.minecraft.server.MinecraftServer/]: Saving chunks for level 'ServerLevel[world]'/the_deep_void:deep_void
[13Sep2025 00:14:28.679] [Server thread/INFO] [net.minecraft.server.MinecraftServer/]: Saving chunks for level 'ServerLevel[world]'/minecraft:the_nether
[13Sep2025 00:14:28.723] [Server thread/INFO] [net.minecraft.server.MinecraftServer/]: ThreadedAnvilChunkStorage (world): All chunks are saved
[13Sep2025 00:14:28.723] [Server thread/INFO] [net.minecraft.server.MinecraftServer/]: ThreadedAnvilChunkStorage (void_dimension): All chunks are saved
[13Sep2025 00:14:28.723] [Server thread/INFO] [net.minecraft.server.MinecraftServer/]: ThreadedAnvilChunkStorage (lostcity): All chunks are saved
[13Sep2025 00:14:28.723] [Server thread/INFO] [net.minecraft.server.MinecraftServer/]: ThreadedAnvilChunkStorage (DIM1): All chunks are saved
[13Sep2025 00:14:28.723] [Server thread/INFO] [net.minecraft.server.MinecraftServer/]: ThreadedAnvilChunkStorage (deep_void): All chunks are saved
[13Sep2025 00:14:28.724] [Server thread/INFO] [net.minecraft.server.MinecraftServer/]: ThreadedAnvilChunkStorage (DIM-1): All chunks are saved
[13Sep2025 00:14:28.724] [Server thread/INFO] [net.minecraft.server.MinecraftServer/]: ThreadedAnvilChunkStorage: All dimensions are saved
[13Sep2025 00:14:29.041] [Server thread/INFO] [Framework/]: Unloading server configs...
[13Sep2025 00:14:29.042] [Server thread/INFO] [Framework/]: Sending config unload event for refurbished_furniture.server.toml
[13Sep2025 00:14:29.045] [Server thread/INFO] [Framework/]: Finished unloading server configs
